<?xml version="1.0" encoding="UTF-8"?>
<!-- Generated by org.testng.reporters.JUnitXMLReporter -->
<testsuite hostname="Jithinrajan" ignored="0" name="Default test" tests="3" failures="0" timestamp="24 Jul 2019 17:50:30 GMT" time="100.275" errors="0">
  <testcase name="addNewContact" time="5.368" classname="com.crm.qa.testcases.ContactsPageTest"/>
  <testcase name="addNewContact" time="3.882" classname="com.crm.qa.testcases.ContactsPageTest"/>
  <testcase name="addNewContact" time="4.444" classname="com.crm.qa.testcases.ContactsPageTest"/>
</testsuite> <!-- Default test -->
